<?xml version="1.0" encoding="UTF-8"?>
<!-- Generated by org.testng.reporters.JUnitXMLReporter -->
<testsuite ignored="0" hostname="DESKTOP-UG8O867" failures="0" tests="3" name="Default test" time="11.784" errors="0" timestamp="2023-05-16T15:34:30 IST">
  <testcase classname="reusableMethods.WM_TS_3HYB" name="TC1" time="0.852"/>
  <testcase classname="reusableMethods.WM_TS_3HYB" name="TC2" time="0.972"/>
  <testcase classname="reusableMethods.WM_TS_3HYB" name="TC3" time="1.013"/>
</testsuite> <!-- Default test -->
