<?xml version="1.0" encoding="UTF-8"?>
<!-- Generated by org.testng.reporters.JUnitXMLReporter -->
<testsuite ignored="0" hostname="DESKTOP-UG8O867" failures="0" tests="117" name="Test" time="1221.571" errors="0" timestamp="2023-05-15T19:44:58 IST">
  <testcase classname="com.WebMath.WM_TS_1" name="TC1" time="0.014"/>
  <testcase classname="com.WebMath.WM_TS_1" name="TC2" time="1.158"/>
  <testcase classname="com.WebMath.WM_TS_1" name="TC3" time="0.331"/>
  <testcase classname="com.WebMath.WM_TS_1" name="TC4" time="1.054"/>
  <testcase classname="com.WebMath.WM_TS_1" name="TC5" time="0.034"/>
  <testcase classname="com.WebMath.WM_TS_1" name="TC6" time="0.027"/>
  <testcase classname="com.WebMath.WM_TS_10" name="TC1" time="1.895"/>
  <testcase classname="com.WebMath.WM_TS_10" name="TC2" time="2.185"/>
  <testcase classname="com.WebMath.WM_TS_10" name="TC3" time="3.23"/>
  <testcase classname="com.WebMath.WM_TS_10" name="TC4" time="4.412"/>
  <testcase classname="com.WebMath.WM_TS_10" name="TC5" time="6.139"/>
  <testcase classname="com.WebMath.WM_TS_10" name="TC6" time="2.226"/>
  <testcase classname="com.WebMath.WM_TS_10" name="TC7" time="5.266"/>
  <testcase classname="com.WebMath.WM_TS_10" name="TC8" time="4.437"/>
  <testcase classname="com.WebMath.WM_TS_10" name="TC9" time="2.259"/>
  <testcase classname="com.WebMath.WM_TS_10" name="TC10" time="5.369"/>
  <testcase classname="com.WebMath.WM_TS_10" name="TC11" time="6.542"/>
  <testcase classname="com.WebMath.WM_TS_10" name="TC12" time="8.805"/>
  <testcase classname="com.WebMath.WM_TS_2" name="TC1" time="1.049"/>
  <testcase classname="com.WebMath.WM_TS_2" name="TC2" time="1.418"/>
  <testcase classname="com.WebMath.WM_TS_2" name="TC3" time="1.086"/>
  <testcase classname="com.WebMath.WM_TS_2" name="TC4" time="1.068"/>
  <testcase classname="com.WebMath.WM_TS_2" name="TC5" time="1.352"/>
  <testcase classname="com.WebMath.WM_TS_2" name="TC6" time="1.103"/>
  <testcase classname="com.WebMath.WM_TS_2" name="TC7" time="1.203"/>
  <testcase classname="com.WebMath.WM_TS_2" name="TC8" time="1.087"/>
  <testcase classname="com.WebMath.WM_TS_2" name="TC9" time="1.262"/>
  <testcase classname="com.WebMath.WM_TS_3" name="TC1" time="0.944"/>
  <testcase classname="com.WebMath.WM_TS_3" name="TC2" time="1.094"/>
  <testcase classname="com.WebMath.WM_TS_3" name="TC3" time="0.957"/>
  <testcase classname="com.WebMath.WM_TS_3" name="TC4" time="2.217"/>
  <testcase classname="com.WebMath.WM_TS_3" name="TC5" time="1.17"/>
  <testcase classname="com.WebMath.WM_TS_3" name="TC6" time="2.028"/>
  <testcase classname="com.WebMath.WM_TS_3" name="TC7" time="4.117"/>
  <testcase classname="com.WebMath.WM_TS_17" name="TC1" time="1.911"/>
  <testcase classname="com.WebMath.WM_TS_17" name="TC2" time="1.928"/>
  <testcase classname="com.WebMath.WM_TS_17" name="TC3" time="2.136"/>
  <testcase classname="com.WebMath.WM_TS_17" name="TC4" time="4.211"/>
  <testcase classname="com.WebMath.WM_TS_17" name="TC5" time="4.122"/>
  <testcase classname="com.WebMath.WM_TS_17" name="TC6" time="5.901"/>
  <testcase classname="com.WebMath.WM_TS_17" name="TC7" time="2.279"/>
  <testcase classname="com.WebMath.WM_TS_15" name="TC1" time="1.849"/>
  <testcase classname="com.WebMath.WM_TS_15" name="TC2" time="2.245"/>
  <testcase classname="com.WebMath.WM_TS_15" name="TC3" time="2.553"/>
  <testcase classname="com.WebMath.WM_TS_15" name="TC4" time="4.514"/>
  <testcase classname="com.WebMath.WM_TS_15" name="TC5" time="4.347"/>
  <testcase classname="com.WebMath.WM_TS_15" name="TC6" time="6.163"/>
  <testcase classname="com.WebMath.WM_TS_15" name="TC7" time="2.501"/>
  <testcase classname="com.WebMath.WM_TS_16" name="TC1" time="2.087"/>
  <testcase classname="com.WebMath.WM_TS_16" name="TC2" time="2.154"/>
  <testcase classname="com.WebMath.WM_TS_16" name="TC3" time="2.76"/>
  <testcase classname="com.WebMath.WM_TS_16" name="TC4" time="4.109"/>
  <testcase classname="com.WebMath.WM_TS_16" name="TC5" time="4.047"/>
  <testcase classname="com.WebMath.WM_TS_16" name="TC6" time="4.019"/>
  <testcase classname="com.WebMath.WM_TS_16" name="TC7" time="5.958"/>
  <testcase classname="com.WebMath.WM_TS_16" name="TC8" time="2.53"/>
  <testcase classname="com.WebMath.WM_TS_13" name="TC1" time="2.051"/>
  <testcase classname="com.WebMath.WM_TS_13" name="TC2" time="2.304"/>
  <testcase classname="com.WebMath.WM_TS_13" name="TC3" time="6.182"/>
  <testcase classname="com.WebMath.WM_TS_13" name="TC4" time="4.472"/>
  <testcase classname="com.WebMath.WM_TS_13" name="TC5" time="4.464"/>
  <testcase classname="com.WebMath.WM_TS_13" name="TC6" time="6.02"/>
  <testcase classname="com.WebMath.WM_TS_13" name="TC7" time="6.165"/>
  <testcase classname="com.WebMath.WM_TS_13" name="TC8" time="8.208"/>
  <testcase classname="com.WebMath.WM_TS_14" name="TC1" time="1.885"/>
  <testcase classname="com.WebMath.WM_TS_14" name="TC2" time="2.208"/>
  <testcase classname="com.WebMath.WM_TS_14" name="TC3" time="2.25"/>
  <testcase classname="com.WebMath.WM_TS_14" name="TC4" time="4.325"/>
  <testcase classname="com.WebMath.WM_TS_14" name="TC5" time="4.383"/>
  <testcase classname="com.WebMath.WM_TS_14" name="TC6" time="5.008"/>
  <testcase classname="com.WebMath.WM_TS_14" name="TC7" time="2.415"/>
  <testcase classname="com.WebMath.WM_TS_11" name="TC1" time="1.851"/>
  <testcase classname="com.WebMath.WM_TS_11" name="TC2" time="2.226"/>
  <testcase classname="com.WebMath.WM_TS_11" name="TC3" time="6.222"/>
  <testcase classname="com.WebMath.WM_TS_11" name="TC4" time="4.516"/>
  <testcase classname="com.WebMath.WM_TS_11" name="TC5" time="4.481"/>
  <testcase classname="com.WebMath.WM_TS_11" name="TC6" time="6.009"/>
  <testcase classname="com.WebMath.WM_TS_11" name="TC7" time="6.37"/>
  <testcase classname="com.WebMath.WM_TS_11" name="TC8" time="8.383"/>
  <testcase classname="com.WebMath.WM_TS_12" name="TC1" time="2.041"/>
  <testcase classname="com.WebMath.WM_TS_12" name="TC2" time="2.514"/>
  <testcase classname="com.WebMath.WM_TS_12" name="TC3" time="6.313"/>
  <testcase classname="com.WebMath.WM_TS_12" name="TC4" time="4.628"/>
  <testcase classname="com.WebMath.WM_TS_12" name="TC5" time="4.349"/>
  <testcase classname="com.WebMath.WM_TS_12" name="TC6" time="6.015"/>
  <testcase classname="com.WebMath.WM_TS_12" name="TC7" time="6.451"/>
  <testcase classname="com.WebMath.WM_TS_12" name="TC8" time="8.436"/>
  <testcase classname="com.WebMath.WM_TS_8" name="TC1" time="2.015"/>
  <testcase classname="com.WebMath.WM_TS_8" name="TC2" time="1.949"/>
  <testcase classname="com.WebMath.WM_TS_8" name="TC3" time="5.942"/>
  <testcase classname="com.WebMath.WM_TS_8" name="TC4" time="5.722"/>
  <testcase classname="com.WebMath.WM_TS_8" name="TC5" time="7.078"/>
  <testcase classname="com.WebMath.WM_TS_9" name="TC1" time="2.04"/>
  <testcase classname="com.WebMath.WM_TS_9" name="TC2" time="1.916"/>
  <testcase classname="com.WebMath.WM_TS_9" name="TC3" time="4.104"/>
  <testcase classname="com.WebMath.WM_TS_9" name="TC4" time="6.654"/>
  <testcase classname="com.WebMath.WM_TS_9" name="TC5" time="10.792"/>
  <testcase classname="com.WebMath.WM_TS_4" name="TC1" time="1.891"/>
  <testcase classname="com.WebMath.WM_TS_4" name="TC2" time="1.889"/>
  <testcase classname="com.WebMath.WM_TS_4" name="TC3" time="6.127"/>
  <testcase classname="com.WebMath.WM_TS_4" name="TC4" time="4.165"/>
  <testcase classname="com.WebMath.WM_TS_4" name="TC5" time="6.092"/>
  <testcase classname="com.WebMath.WM_TS_5" name="TC1" time="1.855"/>
  <testcase classname="com.WebMath.WM_TS_5" name="TC2" time="1.951"/>
  <testcase classname="com.WebMath.WM_TS_5" name="TC3" time="5.932"/>
  <testcase classname="com.WebMath.WM_TS_5" name="TC4" time="4.162"/>
  <testcase classname="com.WebMath.WM_TS_5" name="TC5" time="6.15"/>
  <testcase classname="com.WebMath.WM_TS_6" name="TC1" time="1.867"/>
  <testcase classname="com.WebMath.WM_TS_6" name="TC2" time="2.067"/>
  <testcase classname="com.WebMath.WM_TS_6" name="TC3" time="5.914"/>
  <testcase classname="com.WebMath.WM_TS_6" name="TC4" time="5.32"/>
  <testcase classname="com.WebMath.WM_TS_6" name="TC5" time="7.288"/>
  <testcase classname="com.WebMath.WM_TS_7" name="TC1" time="0.846"/>
  <testcase classname="com.WebMath.WM_TS_7" name="TC2" time="1.06"/>
  <testcase classname="com.WebMath.WM_TS_7" name="TC3" time="4.415"/>
  <testcase classname="com.WebMath.WM_TS_7" name="TC4" time="7.171"/>
  <testcase classname="com.WebMath.WM_TS_7" name="TC5" time="11.823"/>
</testsuite> <!-- Test -->
